Daily activity on Wed Mar 26 23:45:39 UTC 2025
Daily activity on Thu Mar 27 06:47:54 UTC 2025
Daily activity on Thu Mar 27 16:39:53 UTC 2025
Daily activity on Fri Mar 28 06:48:40 UTC 2025
Daily activity on Sat Mar 29 06:41:09 UTC 2025
Daily activity on Sun Mar 30 06:42:31 UTC 2025
Daily activity on Mon Mar 31 06:48:13 UTC 2025
Daily activity on Tue Apr  1 06:51:03 UTC 2025
Daily activity on Wed Apr  2 06:46:45 UTC 2025
Daily activity on Thu Apr  3 06:47:29 UTC 2025
Daily activity on Fri Apr  4 06:46:36 UTC 2025
Daily activity on Sat Apr  5 06:41:32 UTC 2025
Daily activity on Sun Apr  6 06:46:47 UTC 2025
Daily activity on Mon Apr  7 06:48:51 UTC 2025
Daily activity on Tue Apr  8 06:48:13 UTC 2025
Daily activity on Wed Apr  9 06:48:37 UTC 2025
Daily activity on Thu Apr 10 06:47:57 UTC 2025
Daily activity on Fri Apr 11 06:47:51 UTC 2025
Daily activity on Sat Apr 12 06:42:40 UTC 2025
Daily activity on Sun Apr 13 06:43:35 UTC 2025
Daily activity on Mon Apr 14 06:50:11 UTC 2025
